# JRE version: Java(TM) SE Runtime Environment (11.0.2+9) (build 11.0.2+9-LTS)
# Java VM: Java HotSpot(TM) 64-Bit Server VM (11.0.2+9-LTS, mixed mode, tiered, compressed oops, g1 gc, windows-amd64)
Heap:
 garbage-first heap   total 262144K, used 121637K [0x0000000700800000, 0x0000000800000000)
  region size 1024K, 88 young (90112K), 8 survivors (8192K)
 Metaspace       used 53256K, capacity 54356K, committed 54704K, reserved 1097728K
  class space    used 6051K, capacity 6531K, committed 6656K, reserved 1048576K
GC Heap History (10 events):
Event: 1.098 GC heap before
{Heap before GC invocations=0 (full 0):
 garbage-first heap   total 262144K, used 24576K [0x0000000700800000, 0x0000000800000000)
  region size 1024K, 24 young (24576K), 0 survivors (0K)
 Metaspace       used 16772K, capacity 17073K, committed 17280K, reserved 1064960K
  class space    used 1786K, capacity 1885K, committed 1920K, reserved 1048576K
}
Event: 1.106 GC heap after
{Heap after GC invocations=1 (full 0):
 garbage-first heap   total 262144K, used 4702K [0x0000000700800000, 0x0000000800000000)
  region size 1024K, 3 young (3072K), 3 survivors (3072K)
 Metaspace       used 16772K, capacity 17073K, committed 17280K, reserved 1064960K
  class space    used 1786K, capacity 1885K, committed 1920K, reserved 1048576K
}
Event: 1.708 GC heap before
{Heap before GC invocations=1 (full 0):
 garbage-first heap   total 262144K, used 18014K [0x0000000700800000, 0x0000000800000000)
  region size 1024K, 17 young (17408K), 3 survivors (3072K)
 Metaspace       used 20899K, capacity 21195K, committed 21296K, reserved 1069056K
  class space    used 2289K, capacity 2399K, committed 2432K, reserved 1048576K
}
Event: 1.715 GC heap after
{Heap after GC invocations=2 (full 0):
 garbage-first heap   total 262144K, used 6152K [0x0000000700800000, 0x0000000800000000)
  region size 1024K, 2 young (2048K), 2 survivors (2048K)
 Metaspace       used 20899K, capacity 21195K, committed 21296K, reserved 1069056K
  class space    used 2289K, capacity 2399K, committed 2432K, reserved 1048576K
}
Event: 3.774 GC heap before
{Heap before GC invocations=3 (full 0):
 garbage-first heap   total 262144K, used 49160K [0x0000000700800000, 0x0000000800000000)
  region size 1024K, 43 young (44032K), 2 survivors (2048K)
 Metaspace       used 32573K, capacity 33137K, committed 33200K, reserved 1079296K
  class space    used 3378K, capacity 3569K, committed 3584K, reserved 1048576K
}
Event: 3.783 GC heap after
{Heap after GC invocations=4 (full 0):
 garbage-first heap   total 262144K, used 16700K [0x0000000700800000, 0x0000000800000000)
  region size 1024K, 6 young (6144K), 6 survivors (6144K)
 Metaspace       used 32573K, capacity 33137K, committed 33200K, reserved 1079296K
  class space    used 3378K, capacity 3569K, committed 3584K, reserved 1048576K
}
Event: 5.323 GC heap before
{Heap before GC invocations=4 (full 0):
 garbage-first heap   total 262144K, used 24892K [0x0000000700800000, 0x0000000800000000)
  region size 1024K, 15 young (15360K), 6 survivors (6144K)
 Metaspace       used 35292K, capacity 35837K, committed 35888K, reserved 1081344K
  class space    used 3757K, capacity 3955K, committed 3968K, reserved 1048576K
}
Event: 5.329 GC heap after
{Heap after GC invocations=5 (full 0):
 garbage-first heap   total 262144K, used 18014K [0x0000000700800000, 0x0000000800000000)
  region size 1024K, 2 young (2048K), 2 survivors (2048K)
 Metaspace       used 35292K, capacity 35837K, committed 35888K, reserved 1081344K
  class space    used 3757K, capacity 3955K, committed 3968K, reserved 1048576K
}
Event: 9.136 GC heap before
{Heap before GC invocations=6 (full 0):
 garbage-first heap   total 262144K, used 81502K [0x0000000700800000, 0x0000000800000000)
  region size 1024K, 57 young (58368K), 2 survivors (2048K)
 Metaspace       used 51510K, capacity 52675K, committed 52784K, reserved 1095680K
  class space    used 5958K, capacity 6463K, committed 6528K, reserved 1048576K
}
Event: 9.145 GC heap after
{Heap after GC invocations=7 (full 0):
 garbage-first heap   total 262144K, used 32549K [0x0000000700800000, 0x0000000800000000)
  region size 1024K, 8 young (8192K), 8 survivors (8192K)
 Metaspace       used 51510K, capacity 52675K, committed 52784K, reserved 1095680K
  class space    used 5958K, capacity 6463K, committed 6528K, reserved 1048576K
}

