# JRE version: Java(TM) SE Runtime Environment (11.0.2+9) (build 11.0.2+9-LTS)
# Java VM: Java HotSpot(TM) 64-Bit Server VM (11.0.2+9-LTS, mixed mode, tiered, compressed oops, g1 gc, windows-amd64)
Heap:
 garbage-first heap   total 509952K, used 235351K [0x0000000700800000, 0x0000000800000000)
  region size 1024K, 51 young (52224K), 16 survivors (16384K)
 Metaspace       used 70228K, capacity 72350K, committed 72440K, reserved 1114112K
  class space    used 7527K, capacity 8417K, committed 8448K, reserved 1048576K
GC Heap History (10 events):
Event: 7.155 GC heap before
{Heap before GC invocations=37 (full 0):
 garbage-first heap   total 378880K, used 192044K [0x0000000700800000, 0x0000000800000000)
  region size 1024K, 24 young (24576K), 10 survivors (10240K)
 Metaspace       used 30136K, capacity 30729K, committed 30976K, reserved 1077248K
  class space    used 3336K, capacity 3582K, committed 3584K, reserved 1048576K
}
Event: 7.164 GC heap after
{Heap after GC invocations=38 (full 0):
 garbage-first heap   total 509952K, used 110933K [0x0000000700800000, 0x0000000800000000)
  region size 1024K, 11 young (11264K), 11 survivors (11264K)
 Metaspace       used 30136K, capacity 30729K, committed 30976K, reserved 1077248K
  class space    used 3336K, capacity 3582K, committed 3584K, reserved 1048576K
}
Event: 17.292 GC heap before
{Heap before GC invocations=39 (full 0):
 garbage-first heap   total 509952K, used 359765K [0x0000000700800000, 0x0000000800000000)
  region size 1024K, 152 young (155648K), 11 survivors (11264K)
 Metaspace       used 48711K, capacity 49439K, committed 49664K, reserved 1093632K
  class space    used 5247K, capacity 5538K, committed 5632K, reserved 1048576K
}
Event: 17.312 GC heap after
{Heap after GC invocations=40 (full 0):
 garbage-first heap   total 509952K, used 161453K [0x0000000700800000, 0x0000000800000000)
  region size 1024K, 19 young (19456K), 19 survivors (19456K)
 Metaspace       used 48711K, capacity 49439K, committed 49664K, reserved 1093632K
  class space    used 5247K, capacity 5538K, committed 5632K, reserved 1048576K
}
Event: 17.967 GC heap before
{Heap before GC invocations=40 (full 0):
 garbage-first heap   total 509952K, used 173741K [0x0000000700800000, 0x0000000800000000)
  region size 1024K, 32 young (32768K), 19 survivors (19456K)
 Metaspace       used 50630K, capacity 51417K, committed 51584K, reserved 1095680K
  class space    used 5450K, capacity 5746K, committed 5760K, reserved 1048576K
}
Event: 17.975 GC heap after
{Heap after GC invocations=41 (full 0):
 garbage-first heap   total 509952K, used 163409K [0x0000000700800000, 0x0000000800000000)
  region size 1024K, 2 young (2048K), 2 survivors (2048K)
 Metaspace       used 50630K, capacity 51417K, committed 51584K, reserved 1095680K
  class space    used 5450K, capacity 5746K, committed 5760K, reserved 1048576K
}
Event: 25.921 GC heap before
{Heap before GC invocations=42 (full 0):
 garbage-first heap   total 509952K, used 277073K [0x0000000700800000, 0x0000000800000000)
  region size 1024K, 110 young (112640K), 2 survivors (2048K)
 Metaspace       used 66127K, capacity 67944K, committed 68088K, reserved 1110016K
  class space    used 7135K, capacity 7900K, committed 7936K, reserved 1048576K
}
Event: 25.973 GC heap after
{Heap after GC invocations=43 (full 0):
 garbage-first heap   total 509952K, used 178176K [0x0000000700800000, 0x0000000800000000)
  region size 1024K, 14 young (14336K), 14 survivors (14336K)
 Metaspace       used 66127K, capacity 67944K, committed 68088K, reserved 1110016K
  class space    used 7135K, capacity 7900K, committed 7936K, reserved 1048576K
}
Event: 30.588 GC heap before
{Heap before GC invocations=43 (full 0):
 garbage-first heap   total 509952K, used 324608K [0x0000000700800000, 0x0000000800000000)
  region size 1024K, 126 young (129024K), 14 survivors (14336K)
 Metaspace       used 68586K, capacity 70641K, committed 70776K, reserved 1112064K
  class space    used 7411K, capacity 8256K, committed 8320K, reserved 1048576K
}
Event: 30.610 GC heap after
{Heap after GC invocations=44 (full 0):
 garbage-first heap   total 509952K, used 197463K [0x0000000700800000, 0x0000000800000000)
  region size 1024K, 16 young (16384K), 16 survivors (16384K)
 Metaspace       used 68586K, capacity 70641K, committed 70776K, reserved 1112064K
  class space    used 7411K, capacity 8256K, committed 8320K, reserved 1048576K
}

