# JRE version: Java(TM) SE Runtime Environment (11.0.2+9) (build 11.0.2+9-LTS)
# Java VM: Java HotSpot(TM) 64-Bit Server VM (11.0.2+9-LTS, mixed mode, tiered, compressed oops, g1 gc, windows-amd64)
Heap:
 garbage-first heap   total 315392K, used 113444K [0x0000000700800000, 0x0000000800000000)
  region size 1024K, 57 young (58368K), 11 survivors (11264K)
 Metaspace       used 72020K, capacity 74377K, committed 74672K, reserved 1116160K
  class space    used 7854K, capacity 8834K, committed 8960K, reserved 1048576K
GC Heap History (10 events):
Event: 7.725 GC heap before
{Heap before GC invocations=4 (full 0):
 garbage-first heap   total 262144K, used 52713K [0x0000000700800000, 0x0000000800000000)
  region size 1024K, 48 young (49152K), 4 survivors (4096K)
 Metaspace       used 33911K, capacity 34549K, committed 34736K, reserved 1079296K
  class space    used 3731K, capacity 3983K, committed 4096K, reserved 1048576K
}
Event: 7.731 GC heap after
{Heap after GC invocations=5 (full 0):
 garbage-first heap   total 262144K, used 10143K [0x0000000700800000, 0x0000000800000000)
  region size 1024K, 5 young (5120K), 5 survivors (5120K)
 Metaspace       used 33911K, capacity 34549K, committed 34736K, reserved 1079296K
  class space    used 3731K, capacity 3983K, committed 4096K, reserved 1048576K
}
Event: 7.777 GC heap before
{Heap before GC invocations=5 (full 0):
 garbage-first heap   total 262144K, used 17311K [0x0000000700800000, 0x0000000800000000)
  region size 1024K, 9 young (9216K), 5 survivors (5120K)
 Metaspace       used 35120K, capacity 35769K, committed 35920K, reserved 1081344K
  class space    used 3767K, capacity 4047K, committed 4096K, reserved 1048576K
}
Event: 7.782 GC heap after
{Heap after GC invocations=6 (full 0):
 garbage-first heap   total 262144K, used 11993K [0x0000000700800000, 0x0000000800000000)
  region size 1024K, 4 young (4096K), 4 survivors (4096K)
 Metaspace       used 35120K, capacity 35769K, committed 35920K, reserved 1081344K
  class space    used 3767K, capacity 4047K, committed 4096K, reserved 1048576K
}
Event: 11.267 GC heap before
{Heap before GC invocations=7 (full 0):
 garbage-first heap   total 262144K, used 106201K [0x0000000700800000, 0x0000000800000000)
  region size 1024K, 96 young (98304K), 4 survivors (4096K)
 Metaspace       used 51143K, capacity 51838K, committed 52016K, reserved 1095680K
  class space    used 5355K, capacity 5646K, committed 5760K, reserved 1048576K
}
Event: 11.302 GC heap after
{Heap after GC invocations=8 (full 0):
 garbage-first heap   total 262144K, used 19635K [0x0000000700800000, 0x0000000800000000)
  region size 1024K, 12 young (12288K), 12 survivors (12288K)
 Metaspace       used 51143K, capacity 51838K, committed 52016K, reserved 1095680K
  class space    used 5355K, capacity 5646K, committed 5760K, reserved 1048576K
}
Event: 14.014 GC heap before
{Heap before GC invocations=9 (full 0):
 garbage-first heap   total 262144K, used 146611K [0x0000000700800000, 0x0000000800000000)
  region size 1024K, 129 young (132096K), 12 survivors (12288K)
 Metaspace       used 62348K, capacity 63745K, committed 64048K, reserved 1105920K
  class space    used 6870K, capacity 7448K, committed 7552K, reserved 1048576K
}
Event: 14.071 GC heap after
{Heap after GC invocations=10 (full 0):
 garbage-first heap   total 262144K, used 56656K [0x0000000700800000, 0x0000000800000000)
  region size 1024K, 17 young (17408K), 17 survivors (17408K)
 Metaspace       used 62348K, capacity 63745K, committed 64048K, reserved 1105920K
  class space    used 6870K, capacity 7448K, committed 7552K, reserved 1048576K
}
Event: 20.154 GC heap before
{Heap before GC invocations=10 (full 0):
 garbage-first heap   total 262144K, used 170320K [0x0000000700800000, 0x0000000800000000)
  region size 1024K, 125 young (128000K), 17 survivors (17408K)
 Metaspace       used 71122K, capacity 73466K, committed 73776K, reserved 1114112K
  class space    used 7785K, capacity 8786K, committed 8832K, reserved 1048576K
}
Event: 20.271 GC heap after
{Heap after GC invocations=11 (full 0):
 garbage-first heap   total 315392K, used 65316K [0x0000000700800000, 0x0000000800000000)
  region size 1024K, 11 young (11264K), 11 survivors (11264K)
 Metaspace       used 71122K, capacity 73466K, committed 73776K, reserved 1114112K
  class space    used 7785K, capacity 8786K, committed 8832K, reserved 1048576K
}

