# JRE version: Java(TM) SE Runtime Environment (11.0.2+9) (build 11.0.2+9-LTS)
# Java VM: Java HotSpot(TM) 64-Bit Server VM (11.0.2+9-LTS, mixed mode, tiered, compressed oops, g1 gc, windows-amd64)
Heap:
 garbage-first heap   total 537600K, used 249379K [0x0000000700800000, 0x0000000800000000)
  region size 1024K, 44 young (45056K), 10 survivors (10240K)
 Metaspace       used 69093K, capacity 70979K, committed 71168K, reserved 1112064K
  class space    used 7260K, capacity 8085K, committed 8192K, reserved 1048576K
GC Heap History (10 events):
Event: 6.246 GC heap before
{Heap before GC invocations=36 (full 0):
 garbage-first heap   total 378880K, used 192232K [0x0000000700800000, 0x0000000800000000)
  region size 1024K, 24 young (24576K), 11 survivors (11264K)
 Metaspace       used 30046K, capacity 30637K, committed 30720K, reserved 1077248K
  class space    used 3322K, capacity 3550K, committed 3584K, reserved 1048576K
}
Event: 6.255 GC heap after
{Heap after GC invocations=37 (full 0):
 garbage-first heap   total 537600K, used 112849K [0x0000000700800000, 0x0000000800000000)
  region size 1024K, 10 young (10240K), 10 survivors (10240K)
 Metaspace       used 30046K, capacity 30637K, committed 30720K, reserved 1077248K
  class space    used 3322K, capacity 3550K, committed 3584K, reserved 1048576K
}
Event: 8.999 GC heap before
{Heap before GC invocations=38 (full 0):
 garbage-first heap   total 537600K, used 382161K [0x0000000700800000, 0x0000000800000000)
  region size 1024K, 142 young (145408K), 10 survivors (10240K)
 Metaspace       used 46415K, capacity 47143K, committed 47360K, reserved 1091584K
  class space    used 4975K, capacity 5279K, committed 5376K, reserved 1048576K
}
Event: 9.031 GC heap after
{Heap after GC invocations=39 (full 0):
 garbage-first heap   total 537600K, used 169287K [0x0000000700800000, 0x0000000800000000)
  region size 1024K, 18 young (18432K), 18 survivors (18432K)
 Metaspace       used 46415K, capacity 47143K, committed 47360K, reserved 1091584K
  class space    used 4975K, capacity 5279K, committed 5376K, reserved 1048576K
}
Event: 9.753 GC heap before
{Heap before GC invocations=39 (full 0):
 garbage-first heap   total 537600K, used 192839K [0x0000000700800000, 0x0000000800000000)
  region size 1024K, 42 young (43008K), 18 survivors (18432K)
 Metaspace       used 50386K, capacity 51147K, committed 51200K, reserved 1095680K
  class space    used 5417K, capacity 5741K, committed 5760K, reserved 1048576K
}
Event: 9.762 GC heap after
{Heap after GC invocations=40 (full 0):
 garbage-first heap   total 537600K, used 172761K [0x0000000700800000, 0x0000000800000000)
  region size 1024K, 4 young (4096K), 4 survivors (4096K)
 Metaspace       used 50386K, capacity 51147K, committed 51200K, reserved 1095680K
  class space    used 5417K, capacity 5741K, committed 5760K, reserved 1048576K
}
Event: 11.273 GC heap before
{Heap before GC invocations=41 (full 0):
 garbage-first heap   total 537600K, used 286425K [0x0000000700800000, 0x0000000800000000)
  region size 1024K, 112 young (114688K), 4 survivors (4096K)
 Metaspace       used 59443K, capacity 60816K, committed 61184K, reserved 1103872K
  class space    used 6476K, capacity 7041K, committed 7168K, reserved 1048576K
}
Event: 11.304 GC heap after
{Heap after GC invocations=42 (full 0):
 garbage-first heap   total 537600K, used 199188K [0x0000000700800000, 0x0000000800000000)
  region size 1024K, 14 young (14336K), 14 survivors (14336K)
 Metaspace       used 59443K, capacity 60816K, committed 61184K, reserved 1103872K
  class space    used 6476K, capacity 7041K, committed 7168K, reserved 1048576K
}
Event: 13.740 GC heap before
{Heap before GC invocations=43 (full 0):
 garbage-first heap   total 537600K, used 310804K [0x0000000700800000, 0x0000000800000000)
  region size 1024K, 121 young (123904K), 14 survivors (14336K)
 Metaspace       used 66757K, capacity 68616K, committed 68864K, reserved 1110016K
  class space    used 7148K, capacity 7920K, committed 7936K, reserved 1048576K
}
Event: 13.798 GC heap after
{Heap after GC invocations=44 (full 0):
 garbage-first heap   total 537600K, used 204323K [0x0000000700800000, 0x0000000800000000)
  region size 1024K, 10 young (10240K), 10 survivors (10240K)
 Metaspace       used 66757K, capacity 68616K, committed 68864K, reserved 1110016K
  class space    used 7148K, capacity 7920K, committed 7936K, reserved 1048576K
}

