# JRE version: Java(TM) SE Runtime Environment (11.0.2+9) (build 11.0.2+9-LTS)
# Java VM: Java HotSpot(TM) 64-Bit Server VM (11.0.2+9-LTS, mixed mode, tiered, compressed oops, g1 gc, windows-amd64)
Heap:
 garbage-first heap   total 581632K, used 348325K [0x0000000700800000, 0x0000000800000000)
  region size 1024K, 123 young (125952K), 23 survivors (23552K)
 Metaspace       used 69041K, capacity 70891K, committed 71040K, reserved 1112064K
  class space    used 7260K, capacity 8058K, committed 8064K, reserved 1048576K
GC Heap History (10 events):
Event: 6.219 GC heap before
{Heap before GC invocations=32 (full 0):
 garbage-first heap   total 399360K, used 210414K [0x0000000700800000, 0x0000000800000000)
  region size 1024K, 33 young (33792K), 15 survivors (15360K)
 Metaspace       used 30110K, capacity 30665K, committed 30720K, reserved 1077248K
  class space    used 3323K, capacity 3582K, committed 3584K, reserved 1048576K
}
Event: 6.226 GC heap after
{Heap after GC invocations=33 (full 0):
 garbage-first heap   total 399360K, used 102861K [0x0000000700800000, 0x0000000800000000)
  region size 1024K, 17 young (17408K), 17 survivors (17408K)
 Metaspace       used 30110K, capacity 30665K, committed 30720K, reserved 1077248K
  class space    used 3323K, capacity 3582K, committed 3584K, reserved 1048576K
}
Event: 6.364 GC heap before
{Heap before GC invocations=34 (full 0):
 garbage-first heap   total 399360K, used 211405K [0x0000000700800000, 0x0000000800000000)
  region size 1024K, 35 young (35840K), 17 survivors (17408K)
 Metaspace       used 30111K, capacity 30665K, committed 30720K, reserved 1077248K
  class space    used 3323K, capacity 3582K, committed 3584K, reserved 1048576K
}
Event: 6.370 GC heap after
{Heap after GC invocations=35 (full 0):
 garbage-first heap   total 399360K, used 107154K [0x0000000700800000, 0x0000000800000000)
  region size 1024K, 12 young (12288K), 12 survivors (12288K)
 Metaspace       used 30111K, capacity 30665K, committed 30720K, reserved 1077248K
  class space    used 3323K, capacity 3582K, committed 3584K, reserved 1048576K
}
Event: 6.494 GC heap before
{Heap before GC invocations=36 (full 0):
 garbage-first heap   total 399360K, used 203410K [0x0000000700800000, 0x0000000800000000)
  region size 1024K, 27 young (27648K), 12 survivors (12288K)
 Metaspace       used 30111K, capacity 30665K, committed 30720K, reserved 1077248K
  class space    used 3323K, capacity 3582K, committed 3584K, reserved 1048576K
}
Event: 6.503 GC heap after
{Heap after GC invocations=37 (full 0):
 garbage-first heap   total 581632K, used 110786K [0x0000000700800000, 0x0000000800000000)
  region size 1024K, 10 young (10240K), 10 survivors (10240K)
 Metaspace       used 30111K, capacity 30665K, committed 30720K, reserved 1077248K
  class space    used 3323K, capacity 3582K, committed 3584K, reserved 1048576K
}
Event: 9.919 GC heap before
{Heap before GC invocations=38 (full 0):
 garbage-first heap   total 581632K, used 372930K [0x0000000700800000, 0x0000000800000000)
  region size 1024K, 163 young (166912K), 10 survivors (10240K)
 Metaspace       used 50362K, capacity 51110K, committed 51200K, reserved 1095680K
  class space    used 5417K, capacity 5709K, committed 5760K, reserved 1048576K
}
Event: 9.954 GC heap after
{Heap after GC invocations=39 (full 0):
 garbage-first heap   total 581632K, used 170983K [0x0000000700800000, 0x0000000800000000)
  region size 1024K, 30 young (30720K), 30 survivors (30720K)
 Metaspace       used 50362K, capacity 51110K, committed 51200K, reserved 1095680K
  class space    used 5417K, capacity 5709K, committed 5760K, reserved 1048576K
}
Event: 11.641 GC heap before
{Heap before GC invocations=40 (full 0):
 garbage-first heap   total 581632K, used 333799K [0x0000000700800000, 0x0000000800000000)
  region size 1024K, 184 young (188416K), 30 survivors (30720K)
 Metaspace       used 60043K, capacity 61521K, committed 61696K, reserved 1103872K
  class space    used 6504K, capacity 7087K, committed 7168K, reserved 1048576K
}
Event: 11.682 GC heap after
{Heap after GC invocations=41 (full 0):
 garbage-first heap   total 581632K, used 212133K [0x0000000700800000, 0x0000000800000000)
  region size 1024K, 23 young (23552K), 23 survivors (23552K)
 Metaspace       used 60043K, capacity 61521K, committed 61696K, reserved 1103872K
  class space    used 6504K, capacity 7087K, committed 7168K, reserved 1048576K
}

